2012-04-08 14:28:40
array (
  '2|2' => 
  array (
    'appiddesc' => '2',
    'creditdesc' => '2',
    'creditsrc' => '1',
    'title' => 'Discuz! ½ðÇ®',
    'unit' => '',
    'ratiosrc' => '1',
    'ratiodesc' => '1',
    'ratio' => '1',
  ),
)
--------------------------------------------
2012-04-08 14:30:05
array (
  '2|2' => 
  array (
    'appiddesc' => '2',
    'creditdesc' => '2',
    'creditsrc' => '1',
    'title' => 'Discuz! ½ðÇ®',
    'unit' => '',
    'ratiosrc' => '1',
    'ratiodesc' => '1',
    'ratio' => '1',
  ),
)
--------------------------------------------
2012-04-08 14:32:38
array (
  '2|2' => 
  array (
    'appiddesc' => '2',
    'creditdesc' => '2',
    'creditsrc' => '1',
    'title' => 'Discuz! ½ðÇ®',
    'unit' => '',
    'ratiosrc' => '1',
    'ratiodesc' => '1',
    'ratio' => '1',
  ),
)
--------------------------------------------
